<?xml version="1.0" encoding="UTF-8"?>
<testsuite xmlns:xsi="http://www.w3.org/2001/XMLSchema-instance" xsi:noNamespaceSchemaLocation="https://maven.apache.org/surefire/maven-surefire-plugin/xsd/surefire-test-report.xsd" version="3.0.2" name="com.ecommerce.discovery_server.DiscoveryServerApplicationTests" time="7.117" tests="1" errors="0" skipped="0" failures="0">
  <properties>
[...]
</properties>
  <testcase name="contextLoads" classname="com.ecommerce.discovery_server.DiscoveryServerApplicationTests" time="0.916">
    <system-out><![CDATA[Standard Commons Logging discovery in action with spring-jcl: please remove commons-logging.jar from classpath in order to avoid potential conflicts
12:31:06.665 [main] INFO org.springframework.test.context.support.AnnotationConfigContextLoaderUtils -- Could not detect default configuration classes for test class [com.ecommerce.discovery_server.DiscoveryServerApplicationTests]: DiscoveryServerApplicationTests does not declare any static, non-private, non-final, nested classes annotated with @Configuration.
12:31:06.804 [main] INFO org.springframework.boot.test.context.SpringBootTestContextBootstrapper -- Found @SpringBootConfiguration com.ecommerce.discovery_server.DiscoveryServerApplication for test class com.ecommerce.discovery_server.DiscoveryServerApplicationTests

  .   ____          _            __ _ _
 /\\ / ___'_ __ _ _(_)_ __  __ _ \ \ \ \
( ( )\___ | '_ | '_| | '_ \/ _` | \ \ \ \
 \\/  ___)| |_)| | | | | || (_| |  ) ) ) )
  '  |____| .__|_| |_|_| |_\__, | / / / /
 =========|_|==============|___/=/_/_/_/

 :: Spring Boot ::                (v3.4.3)

2025-04-07T12:31:07.645+05:30  INFO 17740 --- [           main] c.e.d.DiscoveryServerApplicationTests    : Starting DiscoveryServerApplicationTests using Java 21.0.4 with PID 17740 (started by kauth in D:\Ecommerce\discovery-server)
2025-04-07T12:31:07.648+05:30  INFO 17740 --- [           main] c.e.d.DiscoveryServerApplicationTests    : No active profile set, falling back to 1 default profile: "default"
2025-04-07T12:31:09.229+05:30  INFO 17740 --- [           main] o.s.cloud.context.scope.GenericScope     : BeanFactory id=bc0bdc57-55dd-371d-89fd-25469cb32b19
2025-04-07T12:31:09.887+05:30  INFO 17740 --- [           main] o.s.v.b.OptionalValidatorFactoryBean     : Failed to set up a Bean Validation provider: jakarta.validation.NoProviderFoundException: Unable to create a Configuration, because no Jakarta Bean Validation provider could be found. Add a provider like Hibernate Validator (RI) to your classpath.
2025-04-07T12:31:11.095+05:30  WARN 17740 --- [           main] iguration$LoadBalancerCaffeineWarnLogger : Spring Cloud LoadBalancer is currently working with the default cache. While this cache implementation is useful for development and tests, it's recommended to use Caffeine cache in production.You can switch to using Caffeine cache, by adding it and org.springframework.cache.caffeine.CaffeineCacheManager to the classpath.
2025-04-07T12:31:11.396+05:30  INFO 17740 --- [           main] o.s.c.n.eureka.InstanceInfoFactory       : Setting initial instance status as: STARTING
2025-04-07T12:31:11.433+05:30  INFO 17740 --- [           main] com.netflix.discovery.DiscoveryClient    : Initializing Eureka in region us-east-1
2025-04-07T12:31:11.479+05:30  INFO 17740 --- [           main] c.n.d.provider.DiscoveryJerseyProvider   : Using JSON encoding codec LegacyJacksonJson
2025-04-07T12:31:11.480+05:30  INFO 17740 --- [           main] c.n.d.provider.DiscoveryJerseyProvider   : Using JSON decoding codec LegacyJacksonJson
2025-04-07T12:31:11.480+05:30  INFO 17740 --- [           main] c.n.d.provider.DiscoveryJerseyProvider   : Using XML encoding codec XStreamXml
2025-04-07T12:31:11.480+05:30  INFO 17740 --- [           main] c.n.d.provider.DiscoveryJerseyProvider   : Using XML decoding codec XStreamXml
2025-04-07T12:31:11.534+05:30  INFO 17740 --- [           main] c.n.d.s.r.aws.ConfigClusterResolver      : Resolving eureka endpoints via configuration
2025-04-07T12:31:11.547+05:30  INFO 17740 --- [           main] com.netflix.discovery.DiscoveryClient    : Disable delta property : false
2025-04-07T12:31:11.547+05:30  INFO 17740 --- [           main] com.netflix.discovery.DiscoveryClient    : Single vip registry refresh property : null
2025-04-07T12:31:11.547+05:30  INFO 17740 --- [           main] com.netflix.discovery.DiscoveryClient    : Force full registry fetch : false
2025-04-07T12:31:11.547+05:30  INFO 17740 --- [           main] com.netflix.discovery.DiscoveryClient    : Application is null : false
2025-04-07T12:31:11.547+05:30  INFO 17740 --- [           main] com.netflix.discovery.DiscoveryClient    : Registered Applications size is zero : true
2025-04-07T12:31:11.548+05:30  INFO 17740 --- [           main] com.netflix.discovery.DiscoveryClient    : Application version is -1: true
2025-04-07T12:31:11.548+05:30  INFO 17740 --- [           main] com.netflix.discovery.DiscoveryClient    : Getting all instance registry info from the eureka server
2025-04-07T12:31:12.016+05:30  INFO 17740 --- [           main] com.netflix.discovery.DiscoveryClient    : The response status is 200
2025-04-07T12:31:12.018+05:30  INFO 17740 --- [           main] com.netflix.discovery.DiscoveryClient    : Starting heartbeat executor: renew interval is: 30
2025-04-07T12:31:12.019+05:30  INFO 17740 --- [           main] c.n.discovery.InstanceInfoReplicator     : InstanceInfoReplicator onDemand update allowed rate per min is 4
2025-04-07T12:31:12.022+05:30  INFO 17740 --- [           main] com.netflix.discovery.DiscoveryClient    : Discovery Client initialized at timestamp 1744009272020 with initial instances count: 0
2025-04-07T12:31:12.063+05:30  INFO 17740 --- [           main] c.n.eureka.DefaultEurekaServerContext    : Initializing ...
2025-04-07T12:31:12.064+05:30  INFO 17740 --- [           main] c.n.eureka.cluster.PeerEurekaNodes       : Adding new peer nodes [http://localhost:8761/eureka/]
2025-04-07T12:31:12.202+05:30  INFO 17740 --- [           main] c.n.d.provider.DiscoveryJerseyProvider   : Using JSON encoding codec LegacyJacksonJson
2025-04-07T12:31:12.203+05:30  INFO 17740 --- [           main] c.n.d.provider.DiscoveryJerseyProvider   : Using JSON decoding codec LegacyJacksonJson
2025-04-07T12:31:12.203+05:30  INFO 17740 --- [           main] c.n.d.provider.DiscoveryJerseyProvider   : Using XML encoding codec XStreamXml
2025-04-07T12:31:12.203+05:30  INFO 17740 --- [           main] c.n.d.provider.DiscoveryJerseyProvider   : Using XML decoding codec XStreamXml
2025-04-07T12:31:12.237+05:30  INFO 17740 --- [           main] c.n.eureka.cluster.PeerEurekaNodes       : Replica node URL:  http://localhost:8761/eureka/
2025-04-07T12:31:12.244+05:30  INFO 17740 --- [           main] c.n.e.registry.AbstractInstanceRegistry  : Finished initializing remote region registries. All known remote regions: []
2025-04-07T12:31:12.244+05:30  INFO 17740 --- [           main] c.n.eureka.DefaultEurekaServerContext    : Initialized
2025-04-07T12:31:12.364+05:30  INFO 17740 --- [           main] o.s.b.a.e.web.EndpointLinksResolver      : Exposing 1 endpoint beneath base path '/actuator'
2025-04-07T12:31:12.455+05:30  INFO 17740 --- [           main] o.s.c.n.e.s.EurekaServiceRegistry        : Registering application UNKNOWN with eureka with status UP
2025-04-07T12:31:12.457+05:30  INFO 17740 --- [           main] com.netflix.discovery.DiscoveryClient    : Saw local status change event StatusChangeEvent [timestamp=1744009272457, current=UP, previous=STARTING]
2025-04-07T12:31:12.460+05:30  INFO 17740 --- [foReplicator-%d] com.netflix.discovery.DiscoveryClient    : DiscoveryClient_UNKNOWN/Kautham.mshome.net: registering service...
2025-04-07T12:31:12.480+05:30  INFO 17740 --- [      Thread-10] o.s.c.n.e.server.EurekaServerBootstrap   : isAws returned false
2025-04-07T12:31:12.482+05:30  INFO 17740 --- [      Thread-10] o.s.c.n.e.server.EurekaServerBootstrap   : Initialized server context
2025-04-07T12:31:12.483+05:30  INFO 17740 --- [           main] c.e.d.DiscoveryServerApplicationTests    : Started DiscoveryServerApplicationTests in 5.272 seconds (process running for 6.811)
2025-04-07T12:31:12.593+05:30  INFO 17740 --- [foReplicator-%d] com.netflix.discovery.DiscoveryClient    : DiscoveryClient_UNKNOWN/Kautham.mshome.net - registration status: 204
]]></system-out>
    <system-err><![CDATA[Mockito is currently self-attaching to enable the inline-mock-maker. This will no longer work in future releases of the JDK. Please add Mockito as an agent to your build what is described in Mockito's documentation: https://javadoc.io/doc/org.mockito/mockito-core/latest/org/mockito/Mockito.html#0.3
WARNING: A Java agent has been loaded dynamically (C:\Users\kauth\.m2\repository\net\bytebuddy\byte-buddy-agent\1.15.11\byte-buddy-agent-1.15.11.jar)
WARNING: If a serviceability tool is in use, please run with -XX:+EnableDynamicAgentLoading to hide this warning
WARNING: If a serviceability tool is not in use, please run with -Djdk.instrument.traceUsage for more information
WARNING: Dynamic loading of agents will be disallowed by default in a future release
]]></system-err>
  </testcase>
</testsuite>