<?xml version="1.0" encoding="UTF-8"?>
<testsuite xmlns:xsi="http://www.w3.org/2001/XMLSchema-instance" xsi:noNamespaceSchemaLocation="https://maven.apache.org/surefire/maven-surefire-plugin/xsd/surefire-test-report.xsd" version="3.0.2" name="com.ecommerce.config_server.ConfigServerApplicationTests" time="7.093" tests="1" errors="0" skipped="0" failures="0">
  <properties>
[...]
</properties>
  <testcase name="contextLoads" classname="com.ecommerce.config_server.ConfigServerApplicationTests" time="0.942">
    <system-out><![CDATA[12:31:40.555 [main] INFO org.springframework.test.context.support.AnnotationConfigContextLoaderUtils -- Could not detect default configuration classes for test class [com.ecommerce.config_server.ConfigServerApplicationTests]: ConfigServerApplicationTests does not declare any static, non-private, non-final, nested classes annotated with @Configuration.
12:31:40.697 [main] INFO org.springframework.boot.test.context.SpringBootTestContextBootstrapper -- Found @SpringBootConfiguration com.ecommerce.config_server.ConfigServerApplication for test class com.ecommerce.config_server.ConfigServerApplicationTests

  .   ____          _            __ _ _
 /\\ / ___'_ __ _ _(_)_ __  __ _ \ \ \ \
( ( )\___ | '_ | '_| | '_ \/ _` | \ \ \ \
 \\/  ___)| |_)| | | | | || (_| |  ) ) ) )
  '  |____| .__|_| |_|_| |_\__, | / / / /
 =========|_|==============|___/=/_/_/_/

 :: Spring Boot ::                (v3.4.3)

2025-04-07T12:31:41.575+05:30  INFO 7132 --- [           main] c.e.c.ConfigServerApplicationTests       : Starting ConfigServerApplicationTests using Java 21.0.4 with PID 7132 (started by kauth in D:\Ecommerce\config-server)
2025-04-07T12:31:41.577+05:30  INFO 7132 --- [           main] c.e.c.ConfigServerApplicationTests       : No active profile set, falling back to 1 default profile: "default"
2025-04-07T12:31:43.348+05:30  INFO 7132 --- [           main] o.s.cloud.context.scope.GenericScope     : BeanFactory id=e8496cff-d8f1-3f7c-b289-f186e26314bb
2025-04-07T12:31:45.429+05:30  INFO 7132 --- [           main] DiscoveryClientOptionalArgsConfiguration : Eureka HTTP Client uses RestTemplate.
2025-04-07T12:31:45.577+05:30  WARN 7132 --- [           main] iguration$LoadBalancerCaffeineWarnLogger : Spring Cloud LoadBalancer is currently working with the default cache. While this cache implementation is useful for development and tests, it's recommended to use Caffeine cache in production.You can switch to using Caffeine cache, by adding it and org.springframework.cache.caffeine.CaffeineCacheManager to the classpath.
2025-04-07T12:31:45.595+05:30  INFO 7132 --- [           main] o.s.b.a.e.web.EndpointLinksResolver      : Exposing 1 endpoint beneath base path '/actuator'
2025-04-07T12:31:45.678+05:30  INFO 7132 --- [           main] o.s.c.n.eureka.InstanceInfoFactory       : Setting initial instance status as: STARTING
2025-04-07T12:31:45.723+05:30  INFO 7132 --- [           main] com.netflix.discovery.DiscoveryClient    : Initializing Eureka in region us-east-1
2025-04-07T12:31:45.731+05:30  INFO 7132 --- [           main] c.n.d.s.r.aws.ConfigClusterResolver      : Resolving eureka endpoints via configuration
2025-04-07T12:31:45.748+05:30  INFO 7132 --- [           main] com.netflix.discovery.DiscoveryClient    : Disable delta property : false
2025-04-07T12:31:45.748+05:30  INFO 7132 --- [           main] com.netflix.discovery.DiscoveryClient    : Single vip registry refresh property : null
2025-04-07T12:31:45.748+05:30  INFO 7132 --- [           main] com.netflix.discovery.DiscoveryClient    : Force full registry fetch : false
2025-04-07T12:31:45.749+05:30  INFO 7132 --- [           main] com.netflix.discovery.DiscoveryClient    : Application is null : false
2025-04-07T12:31:45.749+05:30  INFO 7132 --- [           main] com.netflix.discovery.DiscoveryClient    : Registered Applications size is zero : true
2025-04-07T12:31:45.749+05:30  INFO 7132 --- [           main] com.netflix.discovery.DiscoveryClient    : Application version is -1: true
2025-04-07T12:31:45.749+05:30  INFO 7132 --- [           main] com.netflix.discovery.DiscoveryClient    : Getting all instance registry info from the eureka server
2025-04-07T12:31:46.286+05:30  INFO 7132 --- [           main] com.netflix.discovery.DiscoveryClient    : The response status is 200
2025-04-07T12:31:46.288+05:30  INFO 7132 --- [           main] com.netflix.discovery.DiscoveryClient    : Starting heartbeat executor: renew interval is: 30
2025-04-07T12:31:46.291+05:30  INFO 7132 --- [           main] c.n.discovery.InstanceInfoReplicator     : InstanceInfoReplicator onDemand update allowed rate per min is 4
2025-04-07T12:31:46.293+05:30  INFO 7132 --- [           main] com.netflix.discovery.DiscoveryClient    : Discovery Client initialized at timestamp 1744009306292 with initial instances count: 0
2025-04-07T12:31:46.298+05:30  INFO 7132 --- [           main] o.s.c.n.e.s.EurekaServiceRegistry        : Registering application UNKNOWN with eureka with status UP
2025-04-07T12:31:46.299+05:30  INFO 7132 --- [           main] com.netflix.discovery.DiscoveryClient    : Saw local status change event StatusChangeEvent [timestamp=1744009306299, current=UP, previous=STARTING]
2025-04-07T12:31:46.301+05:30  INFO 7132 --- [foReplicator-%d] com.netflix.discovery.DiscoveryClient    : DiscoveryClient_UNKNOWN/Kautham.mshome.net: registering service...
2025-04-07T12:31:46.323+05:30  INFO 7132 --- [           main] c.e.c.ConfigServerApplicationTests       : Started ConfigServerApplicationTests in 5.227 seconds (process running for 6.748)
2025-04-07T12:31:46.434+05:30  INFO 7132 --- [foReplicator-%d] com.netflix.discovery.DiscoveryClient    : DiscoveryClient_UNKNOWN/Kautham.mshome.net - registration status: 204
]]></system-out>
    <system-err><![CDATA[Mockito is currently self-attaching to enable the inline-mock-maker. This will no longer work in future releases of the JDK. Please add Mockito as an agent to your build what is described in Mockito's documentation: https://javadoc.io/doc/org.mockito/mockito-core/latest/org/mockito/Mockito.html#0.3
WARNING: A Java agent has been loaded dynamically (C:\Users\kauth\.m2\repository\net\bytebuddy\byte-buddy-agent\1.15.11\byte-buddy-agent-1.15.11.jar)
WARNING: If a serviceability tool is in use, please run with -XX:+EnableDynamicAgentLoading to hide this warning
WARNING: If a serviceability tool is not in use, please run with -Djdk.instrument.traceUsage for more information
WARNING: Dynamic loading of agents will be disallowed by default in a future release
]]></system-err>
  </testcase>
</testsuite>